<?xml version="1.0" encoding="UTF-8"?>
<testng-results ignored="0" total="1" passed="1" failed="0" skipped="0">
  <reporter-output>
    <line>
      <![CDATA[element is clicking[[ChromeDriver: chrome on WINDOWS (457650c7726d4a438ce9a473227a7a76)] -> xpath: (//button[@class='LeadRouting__select a'])[1]]<br>]]>
    </line>
    <line>
      <![CDATA[11416 :we passed this value[[ChromeDriver: chrome on WINDOWS (457650c7726d4a438ce9a473227a7a76)] -> id: uid_54]<br>]]>
    </line>
    <line>
      <![CDATA[element is clickingProxy element for: DefaultElementLocator 'By.xpath: (//span[@class='LoadingButton__content'])[1]'<br>]]>
    </line>
    <line>
      <![CDATA[element is clickingProxy element for: DefaultElementLocator 'By.xpath: //span[text()='Get a Quote']'<br>]]>
    </line>
    <line>
      <![CDATA[11416 :we passed this value[[ChromeDriver: chrome on WINDOWS (457650c7726d4a438ce9a473227a7a76)] -> xpath: //input[@id='uid_34']]<br>]]>
    </line>
    <line>
      <![CDATA[element is clicking[[ChromeDriver: chrome on WINDOWS (457650c7726d4a438ce9a473227a7a76)] -> xpath: (//button[@type='submit'])[1]]<br>]]>
    </line>
  </reporter-output>
  <suite started-at="2022-05-06T21:19:35 MDT" name="Default suite" finished-at="2022-05-06T21:20:16 MDT" duration-ms="41835">
    <groups>
    </groups>
    <test started-at="2022-05-06T21:19:35 MDT" name="Default test" finished-at="2022-05-06T21:20:16 MDT" duration-ms="41835">
      <class name="amfam.qa.test.car.CarTest">
        <test-method is-config="true" signature="setUp()[pri:0, instance:amfam.qa.test.car.CarTest@316bcf94]" started-at="2022-05-06T21:19:35 MDT" name="setUp" finished-at="2022-05-06T21:19:48 MDT" duration-ms="13107" status="PASS">
          <reporter-output>
          </reporter-output>
        </test-method> <!-- setUp -->
        <test-method signature="carTest()[pri:0, instance:amfam.qa.test.car.CarTest@316bcf94]" started-at="2022-05-06T21:19:48 MDT" name="carTest" finished-at="2022-05-06T21:20:16 MDT" duration-ms="28684" status="PASS">
          <reporter-output>
            <line>
              <![CDATA[element is clicking[[ChromeDriver: chrome on WINDOWS (457650c7726d4a438ce9a473227a7a76)] -> xpath: (//button[@class='LeadRouting__select a'])[1]]<br>]]>
            </line>
            <line>
              <![CDATA[11416 :we passed this value[[ChromeDriver: chrome on WINDOWS (457650c7726d4a438ce9a473227a7a76)] -> id: uid_54]<br>]]>
            </line>
            <line>
              <![CDATA[element is clickingProxy element for: DefaultElementLocator 'By.xpath: (//span[@class='LoadingButton__content'])[1]'<br>]]>
            </line>
            <line>
              <![CDATA[element is clickingProxy element for: DefaultElementLocator 'By.xpath: //span[text()='Get a Quote']'<br>]]>
            </line>
            <line>
              <![CDATA[11416 :we passed this value[[ChromeDriver: chrome on WINDOWS (457650c7726d4a438ce9a473227a7a76)] -> xpath: //input[@id='uid_34']]<br>]]>
            </line>
            <line>
              <![CDATA[element is clicking[[ChromeDriver: chrome on WINDOWS (457650c7726d4a438ce9a473227a7a76)] -> xpath: (//button[@type='submit'])[1]]<br>]]>
            </line>
          </reporter-output>
        </test-method> <!-- carTest -->
        <test-method is-config="true" signature="cleaningUp()[pri:0, instance:amfam.qa.test.car.CarTest@316bcf94]" started-at="2022-05-06T21:20:16 MDT" name="cleaningUp" finished-at="2022-05-06T21:20:16 MDT" duration-ms="1" status="PASS">
          <reporter-output>
          </reporter-output>
        </test-method> <!-- cleaningUp -->
      </class> <!-- amfam.qa.test.car.CarTest -->
    </test> <!-- Default test -->
  </suite> <!-- Default suite -->
</testng-results>
